<?xml version="1.0" encoding="UTF-8"?>
<testng-results ignored="0" total="1" passed="1" failed="0" skipped="0">
  <reporter-output>
  </reporter-output>
  <suite started-at="2023-09-28T08:36:46 IST" name="Default suite" finished-at="2023-09-28T08:37:00 IST" duration-ms="13836">
    <groups>
    </groups>
    <test started-at="2023-09-28T08:36:46 IST" name="Default test" finished-at="2023-09-28T08:37:00 IST" duration-ms="13836">
      <class name="Scenarios.webTableTest">
        <test-method signature="Table()[pri:0, instance:Scenarios.webTableTest@5d0a1059]" started-at="2023-09-28T08:36:46 IST" name="Table" finished-at="2023-09-28T08:37:00 IST" duration-ms="13791" status="PASS">
          <reporter-output>
          </reporter-output>
        </test-method> <!-- Table -->
      </class> <!-- Scenarios.webTableTest -->
    </test> <!-- Default test -->
  </suite> <!-- Default suite -->
</testng-results>
